2023.07.04 21:26:33 INFO  Started: Metals version 0.11.12 in workspace '/Users/MichaelKuby/Documents/GitHub/CMPT383_ComparativeProgramming' for client Visual Studio Code 1.79.2.
Jul. 04, 2023 9:26:33 P.M. org.flywaydb.core.internal.license.VersionPrinter printVersionOnly
INFO: Flyway Community Edition 9.16.3 by Redgate
Jul. 04, 2023 9:26:33 P.M. org.flywaydb.core.internal.license.VersionPrinter printVersion
INFO: See release notes here: https://rd.gt/416ObMi
Jul. 04, 2023 9:26:33 P.M. org.flywaydb.core.internal.license.VersionPrinter printVersion
INFO: 
Jul. 04, 2023 9:26:33 P.M. org.flywaydb.core.internal.database.base.BaseDatabaseType createDatabase
INFO: Database: jdbc:h2:file:/Users/MichaelKuby/Documents/GitHub/CMPT383_ComparativeProgramming/.metals/metals (H2 2.1)
Jul. 04, 2023 9:26:33 P.M. org.flywaydb.core.internal.schemahistory.JdbcTableSchemaHistory allAppliedMigrations
INFO: Schema history table "PUBLIC"."flyway_schema_history" does not exist yet
Jul. 04, 2023 9:26:33 P.M. org.flywaydb.core.internal.command.DbValidate validate
INFO: Successfully validated 4 migrations (execution time 00:00.014s)
Jul. 04, 2023 9:26:33 P.M. org.flywaydb.core.internal.schemahistory.JdbcTableSchemaHistory create
INFO: Creating Schema History table "PUBLIC"."flyway_schema_history" ...
Jul. 04, 2023 9:26:33 P.M. org.flywaydb.core.internal.command.DbMigrate migrateGroup
INFO: Current version of schema "PUBLIC": << Empty Schema >>
Jul. 04, 2023 9:26:33 P.M. org.flywaydb.core.internal.command.DbMigrate doMigrateGroup
INFO: Migrating schema "PUBLIC" to version "1 - Create tables"
Jul. 04, 2023 9:26:33 P.M. org.flywaydb.core.internal.command.DbMigrate doMigrateGroup
INFO: Migrating schema "PUBLIC" to version "2 - Server discovery"
Jul. 04, 2023 9:26:33 P.M. org.flywaydb.core.internal.command.DbMigrate doMigrateGroup
INFO: Migrating schema "PUBLIC" to version "3 - Jar symbols"
Jul. 04, 2023 9:26:33 P.M. org.flywaydb.core.internal.command.DbMigrate doMigrateGroup
INFO: Migrating schema "PUBLIC" to version "4 - Fingerprints"
Jul. 04, 2023 9:26:33 P.M. org.flywaydb.core.internal.command.DbMigrate logSummary
INFO: Successfully applied 4 migrations to schema "PUBLIC", now at version v4 (execution time 00:00.055s)
2023.07.04 21:26:33 INFO  time: initialize in 0.56s
2023.07.04 21:26:35 WARN  Build server is not auto-connectable.
2023.07.04 21:26:35 WARN  no build tool detected in workspace '/Users/MichaelKuby/Documents/GitHub/CMPT383_ComparativeProgramming'. The most common cause for this problem is that the editor was opened in the wrong working directory, for example if you use sbt then the workspace directory should contain build.sbt. 
2023.07.04 21:29:59 WARN  no build target for: /Users/MichaelKuby/Documents/GitHub/CMPT383_ComparativeProgramming/Assignment 2/hello-world/src/main/scala/Main.scala
2023.07.04 21:30:10 INFO  no build target found for /Users/MichaelKuby/Documents/GitHub/CMPT383_ComparativeProgramming/Assignment 2/hello-world/src/main/scala/Main.scala. Using presentation compiler with project's scala-library version: 3.2.2
2023.07.04 21:30:11 INFO  time: code lens generation in 12s
2023.07.04 21:30:26 WARN  no build target for: /Users/MichaelKuby/Documents/GitHub/CMPT383_ComparativeProgramming/Assignment 2/hello-world/build.sbt
2023.07.04 21:30:52 WARN  no build target for: /Users/MichaelKuby/Documents/GitHub/CMPT383_ComparativeProgramming/Assignment 2/hello-world/build.sbt
2023.07.04 21:32:29 WARN  no build target for: /Users/MichaelKuby/Documents/GitHub/CMPT383_ComparativeProgramming/Assignment 2/hello-world/src/main/scala/Main.scala
2023.07.06 10:35:11 WARN  no build target for: /Users/MichaelKuby/Documents/GitHub/CMPT383_ComparativeProgramming/Assignment 2/assignment-2/src/main/scala/Main.scala
2023.07.06 10:48:12 WARN  no build target for: /Users/MichaelKuby/Documents/GitHub/CMPT383_ComparativeProgramming/Assignment 2/assignment-2/src/main/scala/Main.scala
2023.07.06 10:49:24 WARN  no build target for: /Users/MichaelKuby/Documents/GitHub/CMPT383_ComparativeProgramming/Assignment 2/assignment-2/src/main/scala/Main.scala
2023.07.06 10:51:44 WARN  no build target for: /Users/MichaelKuby/Documents/GitHub/CMPT383_ComparativeProgramming/Assignment 2/assignment-2/src/main/scala/Main.scala
2023.07.06 10:51:52 WARN  no build target for: /Users/MichaelKuby/Documents/GitHub/CMPT383_ComparativeProgramming/Assignment 2/assignment-2/src/main/scala/Main.scala
2023.07.06 10:55:38 WARN  no build target for: /Users/MichaelKuby/Documents/GitHub/CMPT383_ComparativeProgramming/Assignment 2/assignment-2/src/main/scala/Main.scala
2023.07.06 10:56:05 WARN  no build target for: /Users/MichaelKuby/Documents/GitHub/CMPT383_ComparativeProgramming/Assignment 2/assignment-2/src/main/scala/Main.scala
2023.07.06 10:56:46 WARN  no build target for: /Users/MichaelKuby/Documents/GitHub/CMPT383_ComparativeProgramming/Assignment 2/assignment-2/src/main/scala/Main.scala
Jul. 06, 2023 10:56:49 A.M. org.eclipse.lsp4j.jsonrpc.RemoteEndpoint handleCancellation
WARNING: Unmatched cancel notification for request id 1156
2023.07.06 10:56:49 WARN  no build target for: /Users/MichaelKuby/Documents/GitHub/CMPT383_ComparativeProgramming/Assignment 2/assignment-2/src/main/scala/Main.scala
2023.07.06 10:56:49 WARN  no build target for: /Users/MichaelKuby/Documents/GitHub/CMPT383_ComparativeProgramming/Assignment 2/assignment-2/src/main/scala/Main.scala
2023.07.06 10:57:43 WARN  no build target for: /Users/MichaelKuby/Documents/GitHub/CMPT383_ComparativeProgramming/Assignment 2/assignment-2/src/main/scala/Main.scala
2023.07.06 10:57:54 WARN  no build target for: /Users/MichaelKuby/Documents/GitHub/CMPT383_ComparativeProgramming/Assignment 2/assignment-2/src/main/scala/Main.scala
2023.07.06 11:00:37 WARN  no build target for: /Users/MichaelKuby/Documents/GitHub/CMPT383_ComparativeProgramming/Assignment 2/assignment-2/src/main/scala/Main.scala
2023.07.06 11:01:11 WARN  no build target for: /Users/MichaelKuby/Documents/GitHub/CMPT383_ComparativeProgramming/Assignment 2/assignment-2/src/main/scala/Main.scala
2023.07.06 11:01:11 WARN  no build target for: /Users/MichaelKuby/Documents/GitHub/CMPT383_ComparativeProgramming/Assignment 2/assignment-2/src/main/scala/Main.scala
2023.07.06 11:03:12 WARN  no build target for: /Users/MichaelKuby/Documents/GitHub/CMPT383_ComparativeProgramming/Assignment 2/assignment-2/src/main/scala/Main.scala
2023.07.06 11:03:28 WARN  no build target for: /Users/MichaelKuby/Documents/GitHub/CMPT383_ComparativeProgramming/Assignment 2/assignment-2/src/main/scala/Main.scala
2023.07.06 11:05:15 WARN  no build target for: /Users/MichaelKuby/Documents/GitHub/CMPT383_ComparativeProgramming/Assignment 2/assignment-2/src/main/scala/Main.scala
2023.07.06 11:05:42 WARN  no build target for: /Users/MichaelKuby/Documents/GitHub/CMPT383_ComparativeProgramming/Assignment 2/assignment-2/src/main/scala/Main.scala
2023.07.06 11:06:13 WARN  no build target for: /Users/MichaelKuby/Documents/GitHub/CMPT383_ComparativeProgramming/Assignment 2/assignment-2/src/main/scala/Main.scala
2023.07.06 11:06:24 WARN  no build target for: /Users/MichaelKuby/Documents/GitHub/CMPT383_ComparativeProgramming/Assignment 2/assignment-2/src/main/scala/Main.scala
Jul. 06, 2023 11:08:34 A.M. org.eclipse.lsp4j.jsonrpc.RemoteEndpoint handleCancellation
WARNING: Unmatched cancel notification for request id 1781
2023.07.06 11:10:30 WARN  no build target for: /Users/MichaelKuby/Documents/GitHub/CMPT383_ComparativeProgramming/Assignment 2/assignment-2/src/main/scala/Main.scala
2023.07.06 11:11:12 WARN  no build target for: /Users/MichaelKuby/Documents/GitHub/CMPT383_ComparativeProgramming/Assignment 2/assignment-2/src/main/scala/Main.scala
2023.07.06 11:11:35 WARN  no build target for: /Users/MichaelKuby/Documents/GitHub/CMPT383_ComparativeProgramming/Assignment 2/assignment-2/src/main/scala/Main.scala
2023.07.06 11:45:38 WARN  no build target for: /Users/MichaelKuby/Documents/GitHub/CMPT383_ComparativeProgramming/Assignment 2/assignment-2/src/main/scala/Main.scala
2023.07.06 11:48:11 WARN  no build target for: /Users/MichaelKuby/Documents/GitHub/CMPT383_ComparativeProgramming/Assignment 2/assignment-2/src/main/scala/Main.scala
2023.07.06 11:48:23 WARN  no build target for: /Users/MichaelKuby/Documents/GitHub/CMPT383_ComparativeProgramming/Assignment 2/assignment-2/src/main/scala/Main.scala
Jul. 06, 2023 11:48:23 A.M. org.eclipse.lsp4j.jsonrpc.RemoteEndpoint fallbackResponseError
SEVERE: Internal error: java.lang.reflect.InvocationTargetException
java.lang.RuntimeException: java.lang.reflect.InvocationTargetException
	at org.eclipse.lsp4j.jsonrpc.services.GenericEndpoint.lambda$null$0(GenericEndpoint.java:67)
	at org.eclipse.lsp4j.jsonrpc.services.GenericEndpoint.request(GenericEndpoint.java:120)
	at org.eclipse.lsp4j.jsonrpc.RemoteEndpoint.handleRequest(RemoteEndpoint.java:261)
	at org.eclipse.lsp4j.jsonrpc.RemoteEndpoint.consume(RemoteEndpoint.java:190)
	at org.eclipse.lsp4j.jsonrpc.json.StreamMessageProducer.handleMessage(StreamMessageProducer.java:194)
	at org.eclipse.lsp4j.jsonrpc.json.StreamMessageProducer.listen(StreamMessageProducer.java:94)
	at org.eclipse.lsp4j.jsonrpc.json.ConcurrentMessageProcessor.run(ConcurrentMessageProcessor.java:113)
	at java.base/java.util.concurrent.Executors$RunnableAdapter.call(Executors.java:539)
	at java.base/java.util.concurrent.FutureTask.run(FutureTask.java:264)
	at java.base/java.util.concurrent.ThreadPoolExecutor.runWorker(ThreadPoolExecutor.java:1136)
	at java.base/java.util.concurrent.ThreadPoolExecutor$Worker.run(ThreadPoolExecutor.java:635)
	at java.base/java.lang.Thread.run(Thread.java:833)
Caused by: java.lang.reflect.InvocationTargetException
	at jdk.internal.reflect.GeneratedMethodAccessor15.invoke(Unknown Source)
	at java.base/jdk.internal.reflect.DelegatingMethodAccessorImpl.invoke(DelegatingMethodAccessorImpl.java:43)
	at java.base/java.lang.reflect.Method.invoke(Method.java:568)
	at org.eclipse.lsp4j.jsonrpc.services.GenericEndpoint.lambda$null$0(GenericEndpoint.java:65)
	... 11 more
Caused by: file:///Users/MichaelKuby/Documents/GitHub/CMPT383_ComparativeProgramming/Assignment%202/assignment-2/src/main/scala/Main.scala:34: error: unclosed character literal
pythagorean' :: (Int, Int, Int) -> Bool
           ^
	at scala.meta.internal.tokenizers.Reporter.syntaxError(Reporter.scala:23)
	at scala.meta.internal.tokenizers.Reporter.syntaxError$(Reporter.scala:23)
	at scala.meta.internal.tokenizers.Reporter$$anon$1.syntaxError(Reporter.scala:33)
	at scala.meta.internal.tokenizers.Reporter.syntaxError(Reporter.scala:25)
	at scala.meta.internal.tokenizers.Reporter.syntaxError$(Reporter.scala:25)
	at scala.meta.internal.tokenizers.Reporter$$anon$1.syntaxError(Reporter.scala:33)
	at scala.meta.internal.tokenizers.LegacyScanner.fetchSingleQuote$1(LegacyScanner.scala:440)
	at scala.meta.internal.tokenizers.LegacyScanner.fetchToken(LegacyScanner.scala:445)
	at scala.meta.internal.tokenizers.LegacyScanner.nextToken(LegacyScanner.scala:246)
	at scala.meta.internal.mtags.ScalaToplevelMtags.loop(ScalaToplevelMtags.scala:382)
	at scala.meta.internal.mtags.ScalaToplevelMtags.indexRoot(ScalaToplevelMtags.scala:53)
	at scala.meta.internal.mtags.MtagsIndexer.index(MtagsIndexer.scala:19)
	at scala.meta.internal.mtags.MtagsIndexer.index$(MtagsIndexer.scala:18)
	at scala.meta.internal.mtags.ScalaToplevelMtags.index(ScalaToplevelMtags.scala:41)
	at scala.meta.internal.mtags.Mtags$.allToplevels(Mtags.scala:100)
	at scala.meta.internal.metals.DefinitionProvider.fromMtags(DefinitionProvider.scala:371)
	at scala.meta.internal.metals.DefinitionProvider.$anonfun$positionOccurrence$3(DefinitionProvider.scala:291)
	at scala.Option.orElse(Option.scala:477)
	at scala.meta.internal.metals.DefinitionProvider.$anonfun$positionOccurrence$1(DefinitionProvider.scala:291)
	at scala.Option.flatMap(Option.scala:283)
	at scala.meta.internal.metals.DefinitionProvider.positionOccurrence(DefinitionProvider.scala:286)
	at scala.meta.internal.metals.MetalsLspService.$anonfun$definitionOrReferences$1(MetalsLspService.scala:2693)
	at scala.Option.map(Option.scala:242)
	at scala.meta.internal.metals.MetalsLspService.definitionOrReferences(MetalsLspService.scala:2689)
	at scala.meta.internal.metals.MetalsLspService.$anonfun$definition$1(MetalsLspService.scala:1526)
	at scala.meta.internal.metals.CancelTokens$.future(CancelTokens.scala:38)
	at scala.meta.internal.metals.MetalsLspService.definition(MetalsLspService.scala:1525)
	at scala.meta.metals.lsp.DelegatingScalaService.definition(DelegatingScalaService.scala:69)
	... 15 more

2023.07.06 11:48:37 WARN  no build target for: /Users/MichaelKuby/Documents/GitHub/CMPT383_ComparativeProgramming/Assignment 2/assignment-2/src/main/scala/Main.scala
2023.07.06 11:57:06 WARN  no build target for: /Users/MichaelKuby/Documents/GitHub/CMPT383_ComparativeProgramming/Assignment 2/assignment-2/src/main/scala/Main.scala
2023.07.06 11:57:19 WARN  no build target for: /Users/MichaelKuby/Documents/GitHub/CMPT383_ComparativeProgramming/Assignment 2/assignment-2/src/main/scala/Main.scala
2023.07.06 11:57:40 WARN  no build target for: /Users/MichaelKuby/Documents/GitHub/CMPT383_ComparativeProgramming/Assignment 2/assignment-2/src/main/scala/Main.scala
2023.07.06 11:58:06 WARN  no build target for: /Users/MichaelKuby/Documents/GitHub/CMPT383_ComparativeProgramming/Assignment 2/assignment-2/src/main/scala/Main.scala
2023.07.06 11:58:18 WARN  no build target for: /Users/MichaelKuby/Documents/GitHub/CMPT383_ComparativeProgramming/Assignment 2/assignment-2/src/main/scala/Main.scala
2023.07.06 12:00:07 WARN  no build target for: /Users/MichaelKuby/Documents/GitHub/CMPT383_ComparativeProgramming/Assignment 2/assignment-2/src/main/scala/Main.scala
2023.07.06 12:00:42 WARN  no build target for: /Users/MichaelKuby/Documents/GitHub/CMPT383_ComparativeProgramming/Assignment 2/assignment-2/src/main/scala/Main.scala
2023.07.06 12:00:46 WARN  no build target for: /Users/MichaelKuby/Documents/GitHub/CMPT383_ComparativeProgramming/Assignment 2/assignment-2/src/main/scala/Main.scala
2023.07.06 12:00:51 WARN  no build target for: /Users/MichaelKuby/Documents/GitHub/CMPT383_ComparativeProgramming/Assignment 2/assignment-2/src/main/scala/Main.scala
2023.07.06 12:00:52 WARN  no build target for: /Users/MichaelKuby/Documents/GitHub/CMPT383_ComparativeProgramming/Assignment 2/assignment-2/src/main/scala/Main.scala
Jul. 06, 2023 12:01:07 P.M. org.eclipse.lsp4j.jsonrpc.RemoteEndpoint handleCancellation
WARNING: Unmatched cancel notification for request id 4050
2023.07.06 12:01:10 WARN  no build target for: /Users/MichaelKuby/Documents/GitHub/CMPT383_ComparativeProgramming/Assignment 2/assignment-2/src/main/scala/Main.scala
2023.07.06 12:01:15 WARN  no build target for: /Users/MichaelKuby/Documents/GitHub/CMPT383_ComparativeProgramming/Assignment 2/assignment-2/src/main/scala/Main.scala
2023.07.06 12:01:24 WARN  no build target for: /Users/MichaelKuby/Documents/GitHub/CMPT383_ComparativeProgramming/Assignment 2/assignment-2/src/main/scala/Main.scala
2023.07.06 12:02:35 WARN  no build target for: /Users/MichaelKuby/Documents/GitHub/CMPT383_ComparativeProgramming/Assignment 2/assignment-2/src/main/scala/Main.scala
2023.07.06 12:02:55 WARN  no build target for: /Users/MichaelKuby/Documents/GitHub/CMPT383_ComparativeProgramming/Assignment 2/assignment-2/src/main/scala/Main.scala
2023.07.06 12:15:10 WARN  no build target for: /Users/MichaelKuby/Documents/GitHub/CMPT383_ComparativeProgramming/Assignment 2/assignment-2/src/main/scala/Main.scala
2023.07.06 12:15:23 WARN  no build target for: /Users/MichaelKuby/Documents/GitHub/CMPT383_ComparativeProgramming/Assignment 2/assignment-2/src/main/scala/Main.scala
2023.07.06 12:21:52 WARN  no build target for: /Users/MichaelKuby/Documents/GitHub/CMPT383_ComparativeProgramming/Assignment 2/assignment-2/src/main/scala/Main.scala
2023.07.06 12:22:52 WARN  no build target for: /Users/MichaelKuby/Documents/GitHub/CMPT383_ComparativeProgramming/Assignment 2/assignment-2/src/main/scala/Main.scala
2023.07.06 12:25:22 WARN  no build target for: /Users/MichaelKuby/Documents/GitHub/CMPT383_ComparativeProgramming/Assignment 2/assignment-2/src/main/scala/Main.scala
2023.07.06 12:26:23 WARN  no build target for: /Users/MichaelKuby/Documents/GitHub/CMPT383_ComparativeProgramming/Assignment 2/assignment-2/src/main/scala/Main.scala
2023.07.06 12:26:58 WARN  no build target for: /Users/MichaelKuby/Documents/GitHub/CMPT383_ComparativeProgramming/Assignment 2/assignment-2/src/main/scala/Main.scala
2023.07.06 12:27:31 WARN  no build target for: /Users/MichaelKuby/Documents/GitHub/CMPT383_ComparativeProgramming/Assignment 2/assignment-2/src/main/scala/Main.scala
Jul. 06, 2023 12:32:22 P.M. org.eclipse.lsp4j.jsonrpc.RemoteEndpoint handleCancellation
WARNING: Unmatched cancel notification for request id 5823
2023.07.06 12:36:49 WARN  no build target for: /Users/MichaelKuby/Documents/GitHub/CMPT383_ComparativeProgramming/Assignment 2/assignment-2/src/main/scala/Main.scala
2023.07.06 12:37:08 WARN  no build target for: /Users/MichaelKuby/Documents/GitHub/CMPT383_ComparativeProgramming/Assignment 2/assignment-2/src/main/scala/Main.scala
2023.07.06 12:37:49 WARN  no build target for: /Users/MichaelKuby/Documents/GitHub/CMPT383_ComparativeProgramming/Assignment 2/assignment-2/src/main/scala/Main.scala
2023.07.06 12:37:58 WARN  no build target for: /Users/MichaelKuby/Documents/GitHub/CMPT383_ComparativeProgramming/Assignment 2/assignment-2/src/main/scala/Main.scala
2023.07.06 12:38:14 WARN  no build target for: /Users/MichaelKuby/Documents/GitHub/CMPT383_ComparativeProgramming/Assignment 2/assignment-2/src/main/scala/Main.scala
2023.07.06 12:40:12 WARN  no build target for: /Users/MichaelKuby/Documents/GitHub/CMPT383_ComparativeProgramming/Assignment 2/assignment-2/src/main/scala/Main.scala
Jul. 06, 2023 12:40:38 P.M. org.eclipse.lsp4j.jsonrpc.RemoteEndpoint handleCancellation
WARNING: Unmatched cancel notification for request id 6561
2023.07.06 12:40:58 WARN  no build target for: /Users/MichaelKuby/Documents/GitHub/CMPT383_ComparativeProgramming/Assignment 2/assignment-2/src/main/scala/Main.scala
2023.07.06 12:43:48 WARN  no build target for: /Users/MichaelKuby/Documents/GitHub/CMPT383_ComparativeProgramming/Assignment 2/assignment-2/src/main/scala/Main.scala
2023.07.06 15:04:19 WARN  no build target for: /Users/MichaelKuby/Documents/GitHub/CMPT383_ComparativeProgramming/Assignment 2/assignment-2/src/main/scala/Main.scala
2023.07.06 15:04:30 WARN  no build target for: /Users/MichaelKuby/Documents/GitHub/CMPT383_ComparativeProgramming/Assignment 2/assignment-2/src/main/scala/Main.scala
2023.07.06 15:04:51 WARN  no build target for: /Users/MichaelKuby/Documents/GitHub/CMPT383_ComparativeProgramming/Assignment 2/assignment-2/src/main/scala/Main.scala
2023.07.06 15:05:59 WARN  no build target for: /Users/MichaelKuby/Documents/GitHub/CMPT383_ComparativeProgramming/Assignment 2/assignment-2/src/main/scala/Main.scala
2023.07.06 15:06:45 WARN  no build target for: /Users/MichaelKuby/Documents/GitHub/CMPT383_ComparativeProgramming/Assignment 2/assignment-2/src/main/scala/Main.scala
2023.07.06 15:08:59 WARN  no build target for: /Users/MichaelKuby/Documents/GitHub/CMPT383_ComparativeProgramming/Assignment 2/assignment-2/src/main/scala/Main.scala
2023.07.06 15:09:24 WARN  no build target for: /Users/MichaelKuby/Documents/GitHub/CMPT383_ComparativeProgramming/Assignment 2/assignment-2/src/main/scala/Main.scala
2023.07.06 15:19:24 WARN  no build target for: /Users/MichaelKuby/Documents/GitHub/CMPT383_ComparativeProgramming/Assignment 2/assignment-2/src/main/scala/Main.scala
2023.07.06 15:19:49 WARN  no build target for: /Users/MichaelKuby/Documents/GitHub/CMPT383_ComparativeProgramming/Assignment 2/assignment-2/src/main/scala/Main.scala
2023.07.06 15:20:38 WARN  no build target for: /Users/MichaelKuby/Documents/GitHub/CMPT383_ComparativeProgramming/Assignment 2/assignment-2/src/main/scala/Main.scala
2023.07.06 15:20:43 WARN  no build target for: /Users/MichaelKuby/Documents/GitHub/CMPT383_ComparativeProgramming/Assignment 2/assignment-2/src/main/scala/Main.scala
2023.07.06 15:21:04 WARN  no build target for: /Users/MichaelKuby/Documents/GitHub/CMPT383_ComparativeProgramming/Assignment 2/assignment-2/src/main/scala/Main.scala
2023.07.06 15:21:30 WARN  no build target for: /Users/MichaelKuby/Documents/GitHub/CMPT383_ComparativeProgramming/Assignment 2/assignment-2/src/main/scala/Main.scala
2023.07.06 15:22:01 WARN  no build target for: /Users/MichaelKuby/Documents/GitHub/CMPT383_ComparativeProgramming/Assignment 2/assignment-2/src/main/scala/Main.scala
2023.07.06 15:25:24 WARN  no build target for: /Users/MichaelKuby/Documents/GitHub/CMPT383_ComparativeProgramming/Assignment 2/assignment-2/src/main/scala/Main.scala
2023.07.06 15:26:13 WARN  no build target for: /Users/MichaelKuby/Documents/GitHub/CMPT383_ComparativeProgramming/Assignment 2/assignment-2/src/main/scala/Main.scala
2023.07.06 15:26:22 WARN  no build target for: /Users/MichaelKuby/Documents/GitHub/CMPT383_ComparativeProgramming/Assignment 2/assignment-2/src/main/scala/Main.scala
2023.07.06 15:26:33 WARN  no build target for: /Users/MichaelKuby/Documents/GitHub/CMPT383_ComparativeProgramming/Assignment 2/assignment-2/src/main/scala/Main.scala
2023.07.06 15:26:38 WARN  no build target for: /Users/MichaelKuby/Documents/GitHub/CMPT383_ComparativeProgramming/Assignment 2/assignment-2/src/main/scala/Main.scala
2023.07.06 15:26:42 WARN  no build target for: /Users/MichaelKuby/Documents/GitHub/CMPT383_ComparativeProgramming/Assignment 2/assignment-2/src/main/scala/Main.scala
2023.07.06 15:26:45 WARN  no build target for: /Users/MichaelKuby/Documents/GitHub/CMPT383_ComparativeProgramming/Assignment 2/assignment-2/src/main/scala/Main.scala
2023.07.06 15:27:16 WARN  no build target for: /Users/MichaelKuby/Documents/GitHub/CMPT383_ComparativeProgramming/Assignment 2/assignment-2/src/main/scala/Main.scala
2023.07.06 15:28:04 WARN  no build target for: /Users/MichaelKuby/Documents/GitHub/CMPT383_ComparativeProgramming/Assignment 2/assignment-2/src/main/scala/Main.scala
2023.07.06 15:28:33 WARN  no build target for: /Users/MichaelKuby/Documents/GitHub/CMPT383_ComparativeProgramming/Assignment 2/assignment-2/src/main/scala/Main.scala
2023.07.06 15:28:37 WARN  no build target for: /Users/MichaelKuby/Documents/GitHub/CMPT383_ComparativeProgramming/Assignment 2/assignment-2/src/main/scala/Main.scala
2023.07.06 15:28:43 WARN  no build target for: /Users/MichaelKuby/Documents/GitHub/CMPT383_ComparativeProgramming/Assignment 2/assignment-2/src/main/scala/Main.scala
2023.07.06 15:28:45 WARN  no build target for: /Users/MichaelKuby/Documents/GitHub/CMPT383_ComparativeProgramming/Assignment 2/assignment-2/src/main/scala/Main.scala
2023.07.06 15:28:48 WARN  no build target for: /Users/MichaelKuby/Documents/GitHub/CMPT383_ComparativeProgramming/Assignment 2/assignment-2/src/main/scala/Main.scala
2023.07.06 15:28:51 WARN  no build target for: /Users/MichaelKuby/Documents/GitHub/CMPT383_ComparativeProgramming/Assignment 2/assignment-2/src/main/scala/Main.scala
2023.07.06 15:29:08 WARN  no build target for: /Users/MichaelKuby/Documents/GitHub/CMPT383_ComparativeProgramming/Assignment 2/assignment-2/src/main/scala/Main.scala
2023.07.06 15:31:15 WARN  no build target for: /Users/MichaelKuby/Documents/GitHub/CMPT383_ComparativeProgramming/Assignment 2/assignment-2/src/main/scala/Main.scala
2023.07.06 15:32:24 WARN  no build target for: /Users/MichaelKuby/Documents/GitHub/CMPT383_ComparativeProgramming/Assignment 2/assignment-2/src/main/scala/Main.scala
2023.07.06 15:33:46 WARN  no build target for: /Users/MichaelKuby/Documents/GitHub/CMPT383_ComparativeProgramming/Assignment 2/assignment-2/src/main/scala/Main.scala
2023.07.06 15:37:55 WARN  no build target for: /Users/MichaelKuby/Documents/GitHub/CMPT383_ComparativeProgramming/Assignment 2/assignment-2/src/main/scala/Main.scala
2023.07.06 15:38:29 WARN  no build target for: /Users/MichaelKuby/Documents/GitHub/CMPT383_ComparativeProgramming/Assignment 2/assignment-2/src/main/scala/Main.scala
2023.07.06 15:38:50 WARN  no build target for: /Users/MichaelKuby/Documents/GitHub/CMPT383_ComparativeProgramming/Assignment 2/assignment-2/src/main/scala/Main.scala
2023.07.06 15:38:55 WARN  no build target for: /Users/MichaelKuby/Documents/GitHub/CMPT383_ComparativeProgramming/Assignment 2/assignment-2/src/main/scala/Main.scala
2023.07.06 15:39:07 WARN  no build target for: /Users/MichaelKuby/Documents/GitHub/CMPT383_ComparativeProgramming/Assignment 2/assignment-2/src/main/scala/Main.scala
2023.07.06 15:39:20 WARN  no build target for: /Users/MichaelKuby/Documents/GitHub/CMPT383_ComparativeProgramming/Assignment 2/assignment-2/src/main/scala/Main.scala
2023.07.06 15:39:37 WARN  no build target for: /Users/MichaelKuby/Documents/GitHub/CMPT383_ComparativeProgramming/Assignment 2/assignment-2/src/main/scala/Main.scala
2023.07.06 15:40:58 WARN  no build target for: /Users/MichaelKuby/Documents/GitHub/CMPT383_ComparativeProgramming/Assignment 2/assignment-2/src/main/scala/Main.scala
2023.07.06 15:41:25 WARN  no build target for: /Users/MichaelKuby/Documents/GitHub/CMPT383_ComparativeProgramming/Assignment 2/assignment-2/src/main/scala/Main.scala
2023.07.06 15:43:11 WARN  no build target for: /Users/MichaelKuby/Documents/GitHub/CMPT383_ComparativeProgramming/Assignment 2/assignment-2/src/main/scala/Main.scala
2023.07.06 15:45:08 WARN  no build target for: /Users/MichaelKuby/Documents/GitHub/CMPT383_ComparativeProgramming/Assignment 2/assignment-2/src/main/scala/Main.scala
2023.07.06 15:46:28 WARN  no build target for: /Users/MichaelKuby/Documents/GitHub/CMPT383_ComparativeProgramming/Assignment 2/assignment-2/src/main/scala/Main.scala
2023.07.06 15:46:40 WARN  no build target for: /Users/MichaelKuby/Documents/GitHub/CMPT383_ComparativeProgramming/Assignment 2/assignment-2/src/main/scala/Main.scala
2023.07.06 15:47:29 WARN  no build target for: /Users/MichaelKuby/Documents/GitHub/CMPT383_ComparativeProgramming/Assignment 2/assignment-2/src/main/scala/Main.scala
2023.07.06 15:47:52 WARN  no build target for: /Users/MichaelKuby/Documents/GitHub/CMPT383_ComparativeProgramming/Assignment 2/assignment-2/src/main/scala/Main.scala
2023.07.06 15:49:06 WARN  no build target for: /Users/MichaelKuby/Documents/GitHub/CMPT383_ComparativeProgramming/Assignment 2/assignment-2/src/main/scala/Main.scala
2023.07.06 15:49:35 WARN  no build target for: /Users/MichaelKuby/Documents/GitHub/CMPT383_ComparativeProgramming/Assignment 2/assignment-2/src/main/scala/Main.scala
2023.07.06 15:50:08 WARN  no build target for: /Users/MichaelKuby/Documents/GitHub/CMPT383_ComparativeProgramming/Assignment 2/assignment-2/src/main/scala/Main.scala
2023.07.06 15:50:29 WARN  no build target for: /Users/MichaelKuby/Documents/GitHub/CMPT383_ComparativeProgramming/Assignment 2/assignment-2/src/main/scala/Main.scala
2023.07.06 15:50:58 WARN  no build target for: /Users/MichaelKuby/Documents/GitHub/CMPT383_ComparativeProgramming/Assignment 2/assignment-2/src/main/scala/Main.scala
2023.07.06 15:51:01 WARN  no build target for: /Users/MichaelKuby/Documents/GitHub/CMPT383_ComparativeProgramming/Assignment 2/assignment-2/src/main/scala/Main.scala
2023.07.06 15:53:43 WARN  no build target for: /Users/MichaelKuby/Documents/GitHub/CMPT383_ComparativeProgramming/Assignment 2/assignment-2/src/main/scala/Main.scala
Jul. 06, 2023 4:57:05 P.M. org.eclipse.lsp4j.jsonrpc.services.GenericEndpoint notify
INFO: Unsupported notification method: $/setTrace
2023.07.06 16:57:49 WARN  no build target for: /Users/MichaelKuby/Documents/GitHub/CMPT383_ComparativeProgramming/Assignment 2/assignment-2/src/main/scala/Main.scala
2023.07.06 16:57:54 WARN  no build target for: /Users/MichaelKuby/Documents/GitHub/CMPT383_ComparativeProgramming/Assignment 2/assignment-2/src/main/scala/Main.scala
2023.07.06 16:58:44 WARN  no build target for: /Users/MichaelKuby/Documents/GitHub/CMPT383_ComparativeProgramming/Assignment 2/assignment-2/src/main/scala/ExerciseQuestions.scala
2023.07.06 16:58:47 ERROR text document: file:///Users/MichaelKuby/Documents/GitHub/CMPT383_ComparativeProgramming/Assignment%202/assignment-2/src/main/scala/Main.scala
java.nio.file.NoSuchFileException: /Users/MichaelKuby/Documents/GitHub/CMPT383_ComparativeProgramming/Assignment 2/assignment-2/src/main/scala/Main.scala
	at sun.nio.fs.UnixException.translateToIOException(UnixException.java:92)
	at sun.nio.fs.UnixException.rethrowAsIOException(UnixException.java:106)
	at sun.nio.fs.UnixException.rethrowAsIOException(UnixException.java:111)
	at sun.nio.fs.UnixFileSystemProvider.newByteChannel(UnixFileSystemProvider.java:219)
	at java.nio.file.Files.newByteChannel(Files.java:380)
	at java.nio.file.Files.newByteChannel(Files.java:432)
	at java.nio.file.Files.readAllBytes(Files.java:3288)
	at scala.meta.internal.io.PlatformFileIO$.slurp(PlatformFileIO.scala:45)
	at scala.meta.internal.io.FileIO$.slurp(FileIO.scala:24)
	at scala.meta.internal.metals.InteractiveSemanticdbs.$anonfun$textDocument$2(InteractiveSemanticdbs.scala:90)
	at scala.Option.getOrElse(Option.scala:201)
	at scala.meta.internal.metals.InteractiveSemanticdbs.$anonfun$textDocument$1(InteractiveSemanticdbs.scala:90)
	at java.util.HashMap.compute(HashMap.java:1316)
	at java.util.Collections$SynchronizedMap.compute(Collections.java:2770)
	at scala.meta.internal.metals.InteractiveSemanticdbs.textDocument(InteractiveSemanticdbs.scala:89)
	at scala.meta.internal.metals.InteractiveSemanticdbs.textDocument(InteractiveSemanticdbs.scala:63)
	at scala.meta.internal.metals.AggregateSemanticdbs.loop$1(AggregateSemanticdbs.scala:30)
	at scala.meta.internal.metals.AggregateSemanticdbs.textDocument(AggregateSemanticdbs.scala:36)
	at scala.meta.internal.metals.CodeLensProvider.findLenses(CodeLensProvider.scala:22)
	at scala.meta.internal.metals.MetalsLspService.$anonfun$codeLens$2(MetalsLspService.scala:1780)
	at scala.meta.internal.metals.TimerProvider.timedThunk(TimerProvider.scala:25)
	at scala.meta.internal.metals.MetalsLspService.$anonfun$codeLens$1(MetalsLspService.scala:1778)
	at scala.meta.internal.metals.CancelTokens$.$anonfun$apply$2(CancelTokens.scala:26)
	at scala.concurrent.Future$.$anonfun$apply$1(Future.scala:678)
	at scala.concurrent.impl.Promise$Transformation.run(Promise.scala:467)
	at java.util.concurrent.ThreadPoolExecutor.runWorker(ThreadPoolExecutor.java:1136)
	at java.util.concurrent.ThreadPoolExecutor$Worker.run(ThreadPoolExecutor.java:635)
	at java.lang.Thread.run(Thread.java:833)

2023.07.06 16:58:56 WARN  no build target for: /Users/MichaelKuby/Documents/GitHub/CMPT383_ComparativeProgramming/Assignment 2/assignment-2/src/main/scala/ExerciseQuestions.scala
2023.07.06 16:59:01 WARN  no build target for: /Users/MichaelKuby/Documents/GitHub/CMPT383_ComparativeProgramming/Assignment 2/assignment-2/src/main/scala/ExerciseQuestions.scala
2023.07.06 17:01:01 WARN  no build target for: /Users/MichaelKuby/Documents/GitHub/CMPT383_ComparativeProgramming/Assignment 2/assignment-2/src/main/OtherPrograms.scala
2023.07.06 17:01:07 WARN  no build target for: /Users/MichaelKuby/Documents/GitHub/CMPT383_ComparativeProgramming/Assignment 2/assignment-2/src/main/scala/OtherPrograms.scala
2023.07.06 17:01:44 WARN  no build target for: /Users/MichaelKuby/Documents/GitHub/CMPT383_ComparativeProgramming/Assignment 2/assignment-2/build.sbt
2023.07.06 17:02:22 WARN  no build target for: /Users/MichaelKuby/Documents/GitHub/CMPT383_ComparativeProgramming/Assignment 2/ExerciseQuestions/src/main/scala/ExerciseQuestions.scala
2023.07.06 17:04:20 WARN  no build target for: /Users/MichaelKuby/Documents/GitHub/CMPT383_ComparativeProgramming/Assignment 2/otherprograms/src/main/scala/Main.scala
2023.07.06 17:04:33 WARN  no build target for: /Users/MichaelKuby/Documents/GitHub/CMPT383_ComparativeProgramming/Assignment 2/otherprograms/src/test/scala/MySuite.scala
2023.07.06 17:04:37 WARN  no build target for: /Users/MichaelKuby/Documents/GitHub/CMPT383_ComparativeProgramming/Assignment 2/otherprograms/src/main/scala/Main.scala
2023.07.06 17:05:11 WARN  no build target for: /Users/MichaelKuby/Documents/GitHub/CMPT383_ComparativeProgramming/Assignment 2/otherprograms/src/main/scala/Main.scala
2023.07.06 17:06:11 WARN  no build target for: /Users/MichaelKuby/Documents/GitHub/CMPT383_ComparativeProgramming/Assignment 2/OtherPrograms/src/main/scala/Main.scala
2023.07.06 19:36:54 WARN  no build target for: /Users/MichaelKuby/Documents/GitHub/CMPT383_ComparativeProgramming/Assignment 2/OtherPrograms/src/main/scala/Main.scala
2023.07.06 19:37:02 WARN  no build target for: /Users/MichaelKuby/Documents/GitHub/CMPT383_ComparativeProgramming/Assignment 2/OtherPrograms/src/main/scala/Main.scala
2023.07.06 19:38:36 WARN  no build target for: /Users/MichaelKuby/Documents/GitHub/CMPT383_ComparativeProgramming/Assignment 2/OtherPrograms/src/main/scala/Main.scala
2023.07.06 19:39:44 WARN  no build target for: /Users/MichaelKuby/Documents/GitHub/CMPT383_ComparativeProgramming/Assignment 2/OtherPrograms/src/main/scala/Main.scala
2023.07.06 19:39:46 WARN  no build target for: /Users/MichaelKuby/Documents/GitHub/CMPT383_ComparativeProgramming/Assignment 2/OtherPrograms/src/main/scala/Main.scala
2023.07.06 19:40:16 WARN  no build target for: /Users/MichaelKuby/Documents/GitHub/CMPT383_ComparativeProgramming/Assignment 2/OtherPrograms/src/main/scala/Main.scala
2023.07.06 19:41:23 WARN  no build target for: /Users/MichaelKuby/Documents/GitHub/CMPT383_ComparativeProgramming/Assignment 2/ExerciseQuestions/src/main/scala/ExerciseQuestions.scala
2023.07.06 19:41:33 WARN  no build target for: /Users/MichaelKuby/Documents/GitHub/CMPT383_ComparativeProgramming/Assignment 2/OtherPrograms/src/main/scala/Main.scala
2023.07.06 19:42:20 WARN  no build target for: /Users/MichaelKuby/Documents/GitHub/CMPT383_ComparativeProgramming/Assignment 2/OtherPrograms/src/main/scala/Main.scala
2023.07.06 19:42:41 WARN  no build target for: /Users/MichaelKuby/Documents/GitHub/CMPT383_ComparativeProgramming/Assignment 2/OtherPrograms/src/main/scala/Main.scala
2023.07.06 19:42:48 WARN  no build target for: /Users/MichaelKuby/Documents/GitHub/CMPT383_ComparativeProgramming/Assignment 2/OtherPrograms/src/main/scala/Main.scala
2023.07.06 19:46:26 WARN  no build target for: /Users/MichaelKuby/Documents/GitHub/CMPT383_ComparativeProgramming/Assignment 2/OtherPrograms/src/main/scala/Main.scala
2023.07.06 19:46:34 WARN  no build target for: /Users/MichaelKuby/Documents/GitHub/CMPT383_ComparativeProgramming/Assignment 2/OtherPrograms/src/main/scala/Main.scala
2023.07.06 19:48:35 WARN  no build target for: /Users/MichaelKuby/Documents/GitHub/CMPT383_ComparativeProgramming/Assignment 2/OtherPrograms/src/main/scala/Main.scala
2023.07.06 19:49:22 WARN  no build target for: /Users/MichaelKuby/Documents/GitHub/CMPT383_ComparativeProgramming/Assignment 2/OtherPrograms/src/main/scala/Main.scala
2023.07.06 19:49:40 WARN  no build target for: /Users/MichaelKuby/Documents/GitHub/CMPT383_ComparativeProgramming/Assignment 2/OtherPrograms/src/main/scala/Main.scala
2023.07.06 19:50:02 WARN  no build target for: /Users/MichaelKuby/Documents/GitHub/CMPT383_ComparativeProgramming/Assignment 2/OtherPrograms/src/main/scala/Main.scala
2023.07.06 19:50:15 WARN  no build target for: /Users/MichaelKuby/Documents/GitHub/CMPT383_ComparativeProgramming/Assignment 2/OtherPrograms/src/main/scala/Main.scala
2023.07.06 19:50:35 WARN  no build target for: /Users/MichaelKuby/Documents/GitHub/CMPT383_ComparativeProgramming/Assignment 2/OtherPrograms/src/main/scala/Main.scala
2023.07.06 19:51:37 WARN  no build target for: /Users/MichaelKuby/Documents/GitHub/CMPT383_ComparativeProgramming/Assignment 2/OtherPrograms/src/main/scala/Main.scala
2023.07.06 19:51:42 WARN  no build target for: /Users/MichaelKuby/Documents/GitHub/CMPT383_ComparativeProgramming/Assignment 2/OtherPrograms/src/main/scala/Main.scala
2023.07.06 19:51:48 WARN  no build target for: /Users/MichaelKuby/Documents/GitHub/CMPT383_ComparativeProgramming/Assignment 2/OtherPrograms/src/main/scala/Main.scala
Jul. 06, 2023 7:54:36 P.M. org.eclipse.lsp4j.jsonrpc.RemoteEndpoint handleCancellation
WARNING: Unmatched cancel notification for request id 14100
2023.07.06 19:55:04 WARN  no build target for: /Users/MichaelKuby/Documents/GitHub/CMPT383_ComparativeProgramming/Assignment 2/OtherPrograms/src/main/scala/Main.scala
2023.07.06 19:55:36 WARN  no build target for: /Users/MichaelKuby/Documents/GitHub/CMPT383_ComparativeProgramming/Assignment 2/OtherPrograms/src/main/scala/Main.scala
Jul. 06, 2023 7:57:56 P.M. org.eclipse.lsp4j.jsonrpc.RemoteEndpoint handleCancellation
WARNING: Unmatched cancel notification for request id 14335
2023.07.06 20:16:21 WARN  no build target for: /Users/MichaelKuby/Documents/GitHub/CMPT383_ComparativeProgramming/Assignment 2/OtherPrograms/src/main/scala/Main.scala
2023.07.06 20:17:41 WARN  no build target for: /Users/MichaelKuby/Documents/GitHub/CMPT383_ComparativeProgramming/Assignment 2/OtherPrograms/src/main/scala/Main.scala
2023.07.06 20:17:44 WARN  no build target for: /Users/MichaelKuby/Documents/GitHub/CMPT383_ComparativeProgramming/Assignment 2/OtherPrograms/src/main/scala/Main.scala
2023.07.06 20:18:25 WARN  no build target for: /Users/MichaelKuby/Documents/GitHub/CMPT383_ComparativeProgramming/Assignment 2/OtherPrograms/src/main/scala/Main.scala
2023.07.06 20:18:52 WARN  no build target for: /Users/MichaelKuby/Documents/GitHub/CMPT383_ComparativeProgramming/Assignment 2/OtherPrograms/src/main/scala/Main.scala
2023.07.06 20:19:35 WARN  no build target for: /Users/MichaelKuby/Documents/GitHub/CMPT383_ComparativeProgramming/Assignment 2/OtherPrograms/src/main/scala/Main.scala
2023.07.06 20:19:50 WARN  no build target for: /Users/MichaelKuby/Documents/GitHub/CMPT383_ComparativeProgramming/Assignment 2/OtherPrograms/src/main/scala/Main.scala
2023.07.06 20:19:57 WARN  no build target for: /Users/MichaelKuby/Documents/GitHub/CMPT383_ComparativeProgramming/Assignment 2/OtherPrograms/src/main/scala/Main.scala
Jul. 06, 2023 8:21:02 P.M. org.eclipse.lsp4j.jsonrpc.RemoteEndpoint handleCancellation
WARNING: Unmatched cancel notification for request id 15150
Jul. 06, 2023 8:22:38 P.M. org.eclipse.lsp4j.jsonrpc.RemoteEndpoint handleCancellation
WARNING: Unmatched cancel notification for request id 15240
2023.07.06 20:25:14 WARN  no build target for: /Users/MichaelKuby/Documents/GitHub/CMPT383_ComparativeProgramming/Assignment 2/OtherPrograms/src/main/scala/Main.scala
Jul. 06, 2023 8:27:02 P.M. org.eclipse.lsp4j.jsonrpc.RemoteEndpoint handleCancellation
WARNING: Unmatched cancel notification for request id 15577
2023.07.06 20:27:27 WARN  no build target for: /Users/MichaelKuby/Documents/GitHub/CMPT383_ComparativeProgramming/Assignment 2/OtherPrograms/src/main/scala/Main.scala
2023.07.06 20:29:01 WARN  no build target for: /Users/MichaelKuby/Documents/GitHub/CMPT383_ComparativeProgramming/Assignment 2/OtherPrograms/src/main/scala/Main.scala
2023.07.06 20:30:12 WARN  no build target for: /Users/MichaelKuby/Documents/GitHub/CMPT383_ComparativeProgramming/Assignment 2/OtherPrograms/src/main/scala/Main.scala
2023.07.06 20:37:38 WARN  no build target for: /Users/MichaelKuby/Documents/GitHub/CMPT383_ComparativeProgramming/Assignment 2/OtherPrograms/src/main/scala/Main.scala
2023.07.06 20:37:54 WARN  no build target for: /Users/MichaelKuby/Documents/GitHub/CMPT383_ComparativeProgramming/Assignment 2/OtherPrograms/src/main/scala/Main.scala
2023.07.06 20:38:07 WARN  no build target for: /Users/MichaelKuby/Documents/GitHub/CMPT383_ComparativeProgramming/Assignment 2/OtherPrograms/src/main/scala/Main.scala
2023.07.06 20:38:18 WARN  no build target for: /Users/MichaelKuby/Documents/GitHub/CMPT383_ComparativeProgramming/Assignment 2/OtherPrograms/src/main/scala/Main.scala
2023.07.06 20:38:29 WARN  no build target for: /Users/MichaelKuby/Documents/GitHub/CMPT383_ComparativeProgramming/Assignment 2/OtherPrograms/src/main/scala/Main.scala
2023.07.06 20:38:41 WARN  no build target for: /Users/MichaelKuby/Documents/GitHub/CMPT383_ComparativeProgramming/Assignment 2/OtherPrograms/src/main/scala/Main.scala
2023.07.06 20:38:41 WARN  no build target for: /Users/MichaelKuby/Documents/GitHub/CMPT383_ComparativeProgramming/Assignment 2/OtherPrograms/src/main/scala/Main.scala
2023.07.06 20:39:37 WARN  no build target for: /Users/MichaelKuby/Documents/GitHub/CMPT383_ComparativeProgramming/Assignment 2/OtherPrograms/src/main/scala/Main.scala
2023.07.06 20:39:54 WARN  no build target for: /Users/MichaelKuby/Documents/GitHub/CMPT383_ComparativeProgramming/Assignment 2/OtherPrograms/src/main/scala/Main.scala
2023.07.06 20:40:07 WARN  no build target for: /Users/MichaelKuby/Documents/GitHub/CMPT383_ComparativeProgramming/Assignment 2/OtherPrograms/src/main/scala/Main.scala
2023.07.06 20:40:12 WARN  no build target for: /Users/MichaelKuby/Documents/GitHub/CMPT383_ComparativeProgramming/Assignment 2/OtherPrograms/src/main/scala/Main.scala
2023.07.06 20:44:47 WARN  no build target for: /Users/MichaelKuby/Documents/GitHub/CMPT383_ComparativeProgramming/Assignment 2/OtherPrograms/src/main/scala/Main.scala
2023.07.06 20:45:26 WARN  no build target for: /Users/MichaelKuby/Documents/GitHub/CMPT383_ComparativeProgramming/Assignment 2/OtherPrograms/src/main/scala/Main.scala
2023.07.06 20:45:33 WARN  no build target for: /Users/MichaelKuby/Documents/GitHub/CMPT383_ComparativeProgramming/Assignment 2/OtherPrograms/src/main/scala/Main.scala
2023.07.06 20:51:21 WARN  no build target for: /Users/MichaelKuby/Documents/GitHub/CMPT383_ComparativeProgramming/Assignment 2/OtherPrograms/src/main/scala/Main.scala
Jul. 06, 2023 8:57:19 P.M. scala.meta.internal.pc.CompilerAccess handleError
SEVERE: NoDenotation.owner
java.lang.AssertionError: NoDenotation.owner
	at dotty.tools.dotc.core.SymDenotations$NoDenotation$.owner(SymDenotations.scala:2511)
	at scala.meta.internal.pc.SignatureHelpProvider$.isValid(SignatureHelpProvider.scala:83)
	at scala.meta.internal.pc.SignatureHelpProvider$.notCurrentApply(SignatureHelpProvider.scala:94)
	at scala.meta.internal.pc.SignatureHelpProvider$.$anonfun$1(SignatureHelpProvider.scala:48)
	at scala.collection.StrictOptimizedLinearSeqOps.loop$3(LinearSeq.scala:280)
	at scala.collection.StrictOptimizedLinearSeqOps.dropWhile(LinearSeq.scala:282)
	at scala.collection.StrictOptimizedLinearSeqOps.dropWhile$(LinearSeq.scala:278)
	at scala.collection.immutable.List.dropWhile(List.scala:79)
	at scala.meta.internal.pc.SignatureHelpProvider$.signatureHelp(SignatureHelpProvider.scala:48)

2023.07.06 20:57:30 WARN  no build target for: /Users/MichaelKuby/Documents/GitHub/CMPT383_ComparativeProgramming/Assignment 2/OtherPrograms/src/main/scala/Main.scala
2023.07.06 20:57:52 WARN  no build target for: /Users/MichaelKuby/Documents/GitHub/CMPT383_ComparativeProgramming/Assignment 2/OtherPrograms/src/main/scala/Main.scala
2023.07.06 20:58:27 WARN  no build target for: /Users/MichaelKuby/Documents/GitHub/CMPT383_ComparativeProgramming/Assignment 2/OtherPrograms/src/main/scala/Main.scala
2023.07.06 20:58:34 WARN  no build target for: /Users/MichaelKuby/Documents/GitHub/CMPT383_ComparativeProgramming/Assignment 2/OtherPrograms/src/main/scala/Main.scala
2023.07.06 20:59:07 WARN  no build target for: /Users/MichaelKuby/Documents/GitHub/CMPT383_ComparativeProgramming/Assignment 2/OtherPrograms/src/main/scala/Main.scala
2023.07.06 21:00:41 WARN  no build target for: /Users/MichaelKuby/Documents/GitHub/CMPT383_ComparativeProgramming/Assignment 2/OtherPrograms/src/main/scala/Main.scala
2023.07.06 21:01:29 WARN  no build target for: /Users/MichaelKuby/Documents/GitHub/CMPT383_ComparativeProgramming/Assignment 2/OtherPrograms/src/main/scala/Main.scala
2023.07.06 21:02:02 WARN  no build target for: /Users/MichaelKuby/Documents/GitHub/CMPT383_ComparativeProgramming/Assignment 2/OtherPrograms/build.sbt
2023.07.06 21:02:19 WARN  no build target for: /Users/MichaelKuby/Documents/GitHub/CMPT383_ComparativeProgramming/Assignment 2/OtherPrograms/src/main/scala/Main.scala
2023.07.06 21:02:31 WARN  no build target for: /Users/MichaelKuby/Documents/GitHub/CMPT383_ComparativeProgramming/Assignment 2/OtherPrograms/build.sbt
2023.07.06 21:02:39 WARN  no build target for: /Users/MichaelKuby/Documents/GitHub/CMPT383_ComparativeProgramming/Assignment 2/OtherPrograms/build.sbt
2023.07.06 21:02:42 WARN  no build target for: /Users/MichaelKuby/Documents/GitHub/CMPT383_ComparativeProgramming/Assignment 2/OtherPrograms/src/main/scala/Main.scala
2023.07.06 21:02:44 WARN  no build target for: /Users/MichaelKuby/Documents/GitHub/CMPT383_ComparativeProgramming/Assignment 2/OtherPrograms/src/main/scala/Main.scala
2023.07.06 21:03:17 WARN  no build target for: /Users/MichaelKuby/Documents/GitHub/CMPT383_ComparativeProgramming/Assignment 2/OtherPrograms/build.sbt
2023.07.06 21:03:20 WARN  no build target for: /Users/MichaelKuby/Documents/GitHub/CMPT383_ComparativeProgramming/Assignment 2/OtherPrograms/src/main/scala/Main.scala
2023.07.06 21:03:23 WARN  no build target for: /Users/MichaelKuby/Documents/GitHub/CMPT383_ComparativeProgramming/Assignment 2/OtherPrograms/src/main/scala/Main.scala
2023.07.06 21:03:28 WARN  no build target for: /Users/MichaelKuby/Documents/GitHub/CMPT383_ComparativeProgramming/Assignment 2/OtherPrograms/src/main/scala/Main.scala
2023.07.06 21:03:35 WARN  no build target for: /Users/MichaelKuby/Documents/GitHub/CMPT383_ComparativeProgramming/Assignment 2/OtherPrograms/src/main/scala/Main.scala
2023.07.06 21:03:54 INFO  Shutting down server
2023.07.06 21:03:54 INFO  shutting down Metals
2023.07.06 21:03:54 INFO  Exiting server
2023.07.06 21:04:30 INFO  Started: Metals version 0.11.12 in workspace '/Users/MichaelKuby/Documents/GitHub/CMPT383_ComparativeProgramming' for client Visual Studio Code 1.80.0.
Jul. 06, 2023 9:04:30 P.M. org.flywaydb.core.internal.license.VersionPrinter printVersionOnly
INFO: Flyway Community Edition 9.16.3 by Redgate
Jul. 06, 2023 9:04:30 P.M. org.flywaydb.core.internal.license.VersionPrinter printVersion
INFO: See release notes here: https://rd.gt/416ObMi
Jul. 06, 2023 9:04:30 P.M. org.flywaydb.core.internal.license.VersionPrinter printVersion
INFO: 
Jul. 06, 2023 9:04:31 P.M. org.flywaydb.core.internal.database.base.BaseDatabaseType createDatabase
INFO: Database: jdbc:h2:file:/Users/MichaelKuby/Documents/GitHub/CMPT383_ComparativeProgramming/.metals/metals (H2 2.1)
Jul. 06, 2023 9:04:31 P.M. org.flywaydb.core.internal.command.DbValidate validate
INFO: Successfully validated 4 migrations (execution time 00:00.038s)
Jul. 06, 2023 9:04:31 P.M. org.flywaydb.core.internal.command.DbMigrate migrateGroup
INFO: Current version of schema "PUBLIC": 4
Jul. 06, 2023 9:04:31 P.M. org.flywaydb.core.internal.command.DbMigrate logSummary
INFO: Schema "PUBLIC" is up to date. No migration necessary.
2023.07.06 21:04:31 INFO  time: initialize in 0.58s
2023.07.06 21:04:33 WARN  Build server is not auto-connectable.
2023.07.06 21:04:33 WARN  no build tool detected in workspace '/Users/MichaelKuby/Documents/GitHub/CMPT383_ComparativeProgramming'. The most common cause for this problem is that the editor was opened in the wrong working directory, for example if you use sbt then the workspace directory should contain build.sbt. 
2023.07.06 21:04:33 WARN  no build target for: /Users/MichaelKuby/Documents/GitHub/CMPT383_ComparativeProgramming/Assignment 2/OtherPrograms/src/main/scala/Main.scala
2023.07.06 21:04:38 WARN  no build target for: /Users/MichaelKuby/Documents/GitHub/CMPT383_ComparativeProgramming/Assignment 2/OtherPrograms/src/main/scala/Main.scala
2023.07.06 21:04:40 INFO  no build target found for /Users/MichaelKuby/Documents/GitHub/CMPT383_ComparativeProgramming/Assignment 2/OtherPrograms/src/main/scala/Main.scala. Using presentation compiler with project's scala-library version: 3.2.2
2023.07.06 21:04:42 INFO  time: code lens generation in 5.4s
2023.07.06 21:04:49 WARN  no build target for: /Users/MichaelKuby/Documents/GitHub/CMPT383_ComparativeProgramming/Assignment 2/OtherPrograms/build.sbt
2023.07.06 21:04:56 WARN  no build target for: /Users/MichaelKuby/Documents/GitHub/CMPT383_ComparativeProgramming/Assignment 2/OtherPrograms/build.sbt
2023.07.06 21:04:59 WARN  no build target for: /Users/MichaelKuby/Documents/GitHub/CMPT383_ComparativeProgramming/Assignment 2/OtherPrograms/src/main/scala/Main.scala
2023.07.06 21:07:56 WARN  no build target for: /Users/MichaelKuby/Documents/GitHub/CMPT383_ComparativeProgramming/Assignment 2/OtherPrograms/build.sbt
2023.07.06 21:07:59 WARN  no build target for: /Users/MichaelKuby/Documents/GitHub/CMPT383_ComparativeProgramming/Assignment 2/OtherPrograms/src/main/scala/Main.scala
2023.07.06 21:08:07 WARN  no build target for: /Users/MichaelKuby/Documents/GitHub/CMPT383_ComparativeProgramming/Assignment 2/OtherPrograms/src/main/scala/Main.scala
2023.07.06 21:08:10 WARN  no build target for: /Users/MichaelKuby/Documents/GitHub/CMPT383_ComparativeProgramming/Assignment 2/OtherPrograms/src/main/scala/Main.scala
2023.07.06 21:08:13 WARN  no build target for: /Users/MichaelKuby/Documents/GitHub/CMPT383_ComparativeProgramming/Assignment 2/OtherPrograms/src/main/scala/Main.scala
2023.07.06 21:10:13 WARN  no build target for: /Users/MichaelKuby/Documents/GitHub/CMPT383_ComparativeProgramming/Assignment 2/OtherPrograms/build.sbt
2023.07.06 21:10:19 WARN  no build target for: /Users/MichaelKuby/Documents/GitHub/CMPT383_ComparativeProgramming/Assignment 2/OtherPrograms/src/main/scala/Main.scala
2023.07.06 21:10:22 WARN  no build target for: /Users/MichaelKuby/Documents/GitHub/CMPT383_ComparativeProgramming/Assignment 2/OtherPrograms/src/main/scala/Main.scala
2023.07.06 21:10:52 WARN  no build target for: /Users/MichaelKuby/Documents/GitHub/CMPT383_ComparativeProgramming/Assignment 2/OtherPrograms/src/main/scala/Main.scala
2023.07.06 21:11:51 WARN  no build target for: /Users/MichaelKuby/Documents/GitHub/CMPT383_ComparativeProgramming/Assignment 2/OtherPrograms/build.sbt
2023.07.06 21:11:56 WARN  no build target for: /Users/MichaelKuby/Documents/GitHub/CMPT383_ComparativeProgramming/Assignment 2/OtherPrograms/src/main/scala/Main.scala
2023.07.06 21:11:59 WARN  no build target for: /Users/MichaelKuby/Documents/GitHub/CMPT383_ComparativeProgramming/Assignment 2/OtherPrograms/src/main/scala/Main.scala
Jul. 06, 2023 9:12:45 P.M. org.eclipse.lsp4j.jsonrpc.RemoteEndpoint handleCancellation
WARNING: Unmatched cancel notification for request id 275
2023.07.06 21:13:25 WARN  no build target for: /Users/MichaelKuby/Documents/GitHub/CMPT383_ComparativeProgramming/Assignment 2/OtherPrograms/build.sbt
2023.07.06 21:14:06 WARN  no build target for: /Users/MichaelKuby/Documents/GitHub/CMPT383_ComparativeProgramming/Assignment 2/OtherPrograms/src/main/scala/Main.scala
2023.07.06 21:14:15 WARN  no build target for: /Users/MichaelKuby/Documents/GitHub/CMPT383_ComparativeProgramming/Assignment 2/OtherPrograms/src/main/scala/Main.scala
2023.07.06 21:15:33 WARN  no build target for: /Users/MichaelKuby/Documents/GitHub/CMPT383_ComparativeProgramming/Assignment 2/OtherPrograms/src/main/scala/Main.scala
2023.07.06 21:17:57 WARN  no build target for: /Users/MichaelKuby/Documents/GitHub/CMPT383_ComparativeProgramming/Assignment 2/OtherPrograms/build.sbt
2023.07.06 21:18:02 WARN  no build target for: /Users/MichaelKuby/Documents/GitHub/CMPT383_ComparativeProgramming/Assignment 2/OtherPrograms/src/main/scala/Main.scala
2023.07.06 21:18:10 WARN  no build target for: /Users/MichaelKuby/Documents/GitHub/CMPT383_ComparativeProgramming/Assignment 2/OtherPrograms/src/main/scala/Main.scala
2023.07.06 21:20:54 WARN  no build target for: /Users/MichaelKuby/Documents/GitHub/CMPT383_ComparativeProgramming/Assignment 2/OtherPrograms/build.sbt
2023.07.06 21:21:21 WARN  no build target for: /Users/MichaelKuby/Documents/GitHub/CMPT383_ComparativeProgramming/Assignment 2/OtherPrograms/build.sbt
2023.07.06 21:23:32 WARN  no build target for: /Users/MichaelKuby/Documents/GitHub/CMPT383_ComparativeProgramming/Assignment 2/OtherPrograms/build.sbt
2023.07.06 21:24:01 WARN  no build target for: /Users/MichaelKuby/Documents/GitHub/CMPT383_ComparativeProgramming/Assignment 2/OtherPrograms/build.sbt
2023.07.06 21:29:56 WARN  no build target for: /Users/MichaelKuby/Documents/GitHub/CMPT383_ComparativeProgramming/Assignment 2/OtherPrograms/build.sbt
2023.07.06 21:31:22 WARN  no build target for: /Users/MichaelKuby/Documents/GitHub/CMPT383_ComparativeProgramming/Assignment 2/OtherPrograms/build.sbt
2023.07.06 21:32:42 WARN  no build target for: /Users/MichaelKuby/Documents/GitHub/CMPT383_ComparativeProgramming/Assignment 2/OtherPrograms/build.sbt
2023.07.06 21:32:59 WARN  no build target for: /Users/MichaelKuby/Documents/GitHub/CMPT383_ComparativeProgramming/Assignment 2/OtherPrograms/src/main/scala/Main.scala
2023.07.06 21:34:57 WARN  no build target for: /Users/MichaelKuby/Documents/GitHub/CMPT383_ComparativeProgramming/Assignment 2/OtherPrograms/build.sbt
2023.07.06 21:35:47 WARN  no build target for: /Users/MichaelKuby/Documents/GitHub/CMPT383_ComparativeProgramming/Assignment 2/OtherPrograms/build.sbt
2023.07.06 21:36:16 WARN  no build target for: /Users/MichaelKuby/Documents/GitHub/CMPT383_ComparativeProgramming/Assignment 2/OtherPrograms/build.sbt
2023.07.06 21:39:27 WARN  no build target for: /Users/MichaelKuby/Documents/GitHub/CMPT383_ComparativeProgramming/Assignment 2/OtherPrograms/build.sbt
2023.07.06 21:40:09 WARN  no build target for: /Users/MichaelKuby/Documents/GitHub/CMPT383_ComparativeProgramming/Assignment 2/OtherPrograms/build.sbt
2023.07.06 21:40:33 WARN  no build target for: /Users/MichaelKuby/Documents/GitHub/CMPT383_ComparativeProgramming/Assignment 2/OtherPrograms/build.sbt
2023.07.06 21:41:39 WARN  no build target for: /Users/MichaelKuby/Documents/GitHub/CMPT383_ComparativeProgramming/Assignment 2/OtherPrograms/src/main/scala/Main.scala
2023.07.06 21:44:15 WARN  no build target for: /Users/MichaelKuby/Documents/GitHub/CMPT383_ComparativeProgramming/Assignment 2/OtherPrograms/src/main/scala/Main.scala
2023.07.06 21:44:31 WARN  no build target for: /Users/MichaelKuby/Documents/GitHub/CMPT383_ComparativeProgramming/Assignment 2/OtherPrograms/src/main/scala/Main.scala
2023.07.06 21:45:11 WARN  no build target for: /Users/MichaelKuby/Documents/GitHub/CMPT383_ComparativeProgramming/Assignment 2/OtherPrograms/src/main/scala/Main.scala
2023.07.06 21:49:38 WARN  no build target for: /Users/MichaelKuby/Documents/GitHub/CMPT383_ComparativeProgramming/Assignment 2/OtherPrograms/src/main/scala/Main.scala
2023.07.06 21:51:14 WARN  no build target for: /Users/MichaelKuby/Documents/GitHub/CMPT383_ComparativeProgramming/Assignment 2/OtherPrograms/src/main/scala/Main.scala
2023.07.06 21:51:18 WARN  no build target for: /Users/MichaelKuby/Documents/GitHub/CMPT383_ComparativeProgramming/Assignment 2/OtherPrograms/src/main/scala/Main.scala
Jul. 06, 2023 9:54:31 P.M. org.eclipse.lsp4j.jsonrpc.RemoteEndpoint handleCancellation
WARNING: Unmatched cancel notification for request id 1441
2023.07.06 22:03:28 WARN  no build target for: /Users/MichaelKuby/Documents/GitHub/CMPT383_ComparativeProgramming/Assignment 2/OtherPrograms/src/main/scala/Main.scala
2023.07.06 22:04:34 WARN  no build target for: /Users/MichaelKuby/Documents/GitHub/CMPT383_ComparativeProgramming/Assignment 2/OtherPrograms/src/main/scala/Main.scala
2023.07.06 22:05:39 WARN  no build target for: /Users/MichaelKuby/Documents/GitHub/CMPT383_ComparativeProgramming/Assignment 2/OtherPrograms/src/main/scala/Main.scala
2023.07.06 22:06:04 WARN  no build target for: /Users/MichaelKuby/Documents/GitHub/CMPT383_ComparativeProgramming/Assignment 2/OtherPrograms/src/main/scala/Main.scala
Jul. 06, 2023 10:10:45 P.M. org.eclipse.lsp4j.jsonrpc.RemoteEndpoint handleCancellation
WARNING: Unmatched cancel notification for request id 2340
2023.07.06 22:12:03 WARN  no build target for: /Users/MichaelKuby/Documents/GitHub/CMPT383_ComparativeProgramming/Assignment 2/OtherPrograms/src/main/scala/Main.scala
2023.07.06 22:20:00 WARN  no build target for: /Users/MichaelKuby/Documents/GitHub/CMPT383_ComparativeProgramming/Assignment 2/OtherPrograms/src/main/scala/Main.scala
2023.07.06 22:20:23 WARN  no build target for: /Users/MichaelKuby/Documents/GitHub/CMPT383_ComparativeProgramming/Assignment 2/OtherPrograms/src/main/scala/Main.scala
Exception in thread "pool-3-thread-1" java.lang.InterruptedException
	at scala.meta.internal.metals.FutureCancelToken.checkCanceled(FutureCancelToken.scala:29)
	at scala.meta.internal.pc.CompilerAccess.onCompilerJobQueue$$anonfun$1(CompilerAccess.scala:195)
	at scala.meta.internal.pc.CompilerJobQueue$Job.run(CompilerJobQueue.scala:152)
	at java.base/java.util.concurrent.ThreadPoolExecutor.runWorker(ThreadPoolExecutor.java:1136)
	at java.base/java.util.concurrent.ThreadPoolExecutor$Worker.run(ThreadPoolExecutor.java:635)
	at java.base/java.lang.Thread.run(Thread.java:833)
2023.07.06 22:21:06 WARN  Using indexes to guess the definition of Rectangle
2023.07.06 22:24:10 WARN  no build target for: /Users/MichaelKuby/Documents/GitHub/CMPT383_ComparativeProgramming/Assignment 2/OtherPrograms/src/main/scala/Main.scala
2023.07.06 22:24:59 WARN  no build target for: /Users/MichaelKuby/Documents/GitHub/CMPT383_ComparativeProgramming/Assignment 2/OtherPrograms/src/main/scala/Main.scala
2023.07.06 22:26:12 WARN  no build target for: /Users/MichaelKuby/Documents/GitHub/CMPT383_ComparativeProgramming/Assignment 2/OtherPrograms/src/main/scala/Main.scala
2023.07.06 22:26:44 WARN  no build target for: /Users/MichaelKuby/Documents/GitHub/CMPT383_ComparativeProgramming/Assignment 2/OtherPrograms/src/main/scala/Main.scala
2023.07.06 22:27:04 WARN  no build target for: /Users/MichaelKuby/Documents/GitHub/CMPT383_ComparativeProgramming/Assignment 2/OtherPrograms/src/main/scala/Main.scala
2023.07.06 22:27:17 WARN  no build target for: /Users/MichaelKuby/Documents/GitHub/CMPT383_ComparativeProgramming/Assignment 2/OtherPrograms/src/main/scala/Main.scala
2023.07.06 22:27:36 WARN  no build target for: /Users/MichaelKuby/Documents/GitHub/CMPT383_ComparativeProgramming/Assignment 2/OtherPrograms/src/main/scala/Main.scala
2023.07.06 22:27:46 WARN  no build target for: /Users/MichaelKuby/Documents/GitHub/CMPT383_ComparativeProgramming/Assignment 2/OtherPrograms/src/main/scala/Main.scala
2023.07.06 22:27:59 WARN  no build target for: /Users/MichaelKuby/Documents/GitHub/CMPT383_ComparativeProgramming/Assignment 2/OtherPrograms/src/main/scala/Main.scala
2023.07.06 22:29:11 WARN  no build target for: /Users/MichaelKuby/Documents/GitHub/CMPT383_ComparativeProgramming/Assignment 2/OtherPrograms/src/main/scala/Main.scala
2023.07.06 22:30:44 WARN  no build target for: /Users/MichaelKuby/Documents/GitHub/CMPT383_ComparativeProgramming/Assignment 2/OtherPrograms/src/main/scala/Main.scala
2023.07.06 22:31:17 WARN  no build target for: /Users/MichaelKuby/Documents/GitHub/CMPT383_ComparativeProgramming/Assignment 2/OtherPrograms/src/main/scala/Main.scala
2023.07.06 22:31:32 WARN  no build target for: /Users/MichaelKuby/Documents/GitHub/CMPT383_ComparativeProgramming/Assignment 2/OtherPrograms/src/main/scala/Main.scala
2023.07.06 22:31:40 WARN  no build target for: /Users/MichaelKuby/Documents/GitHub/CMPT383_ComparativeProgramming/Assignment 2/OtherPrograms/src/main/scala/Main.scala
2023.07.06 22:32:30 WARN  no build target for: /Users/MichaelKuby/Documents/GitHub/CMPT383_ComparativeProgramming/Assignment 2/OtherPrograms/src/main/scala/Main.scala
2023.07.06 22:34:31 WARN  no build target for: /Users/MichaelKuby/Documents/GitHub/CMPT383_ComparativeProgramming/Assignment 2/OtherPrograms/src/main/scala/Main.scala
2023.07.06 22:34:58 WARN  no build target for: /Users/MichaelKuby/Documents/GitHub/CMPT383_ComparativeProgramming/Assignment 2/OtherPrograms/src/main/scala/Main.scala
2023.07.06 22:37:01 WARN  no build target for: /Users/MichaelKuby/Documents/GitHub/CMPT383_ComparativeProgramming/Assignment 2/OtherPrograms/src/main/scala/Main.scala
Jul. 06, 2023 10:38:23 P.M. org.eclipse.lsp4j.jsonrpc.RemoteEndpoint handleCancellation
WARNING: Unmatched cancel notification for request id 3656
2023.07.06 22:38:25 WARN  no build target for: /Users/MichaelKuby/Documents/GitHub/CMPT383_ComparativeProgramming/Assignment 2/OtherPrograms/src/main/scala/Main.scala
2023.07.06 22:38:55 WARN  no build target for: /Users/MichaelKuby/Documents/GitHub/CMPT383_ComparativeProgramming/Assignment 2/OtherPrograms/src/main/scala/Main.scala
2023.07.06 22:40:23 WARN  no build target for: /Users/MichaelKuby/Documents/GitHub/CMPT383_ComparativeProgramming/Assignment 2/OtherPrograms/src/main/scala/Main.scala
Jul. 07, 2023 4:27:46 P.M. org.eclipse.lsp4j.jsonrpc.RemoteEndpoint handleCancellation
WARNING: Unmatched cancel notification for request id 3849
2023.07.07 16:27:54 WARN  no build target for: /Users/MichaelKuby/Documents/GitHub/CMPT383_ComparativeProgramming/Assignment 2/OtherPrograms/src/main/scala/Main.scala
2023.07.07 16:29:42 WARN  no build target for: /Users/MichaelKuby/Documents/GitHub/CMPT383_ComparativeProgramming/Assignment 2/OtherPrograms/src/main/scala/Main.scala
2023.07.07 16:29:57 WARN  no build target for: /Users/MichaelKuby/Documents/GitHub/CMPT383_ComparativeProgramming/Assignment 2/OtherPrograms/src/main/scala/Main.scala
2023.07.07 16:29:57 WARN  no build target for: /Users/MichaelKuby/Documents/GitHub/CMPT383_ComparativeProgramming/Assignment 2/OtherPrograms/src/main/scala/Main.scala
2023.07.07 16:30:02 WARN  no build target for: /Users/MichaelKuby/Documents/GitHub/CMPT383_ComparativeProgramming/Assignment 2/OtherPrograms/src/main/scala/Main.scala
2023.07.07 16:30:36 WARN  no build target for: /Users/MichaelKuby/Documents/GitHub/CMPT383_ComparativeProgramming/Assignment 2/OtherPrograms/src/main/scala/Main.scala
2023.07.07 16:31:35 WARN  no build target for: /Users/MichaelKuby/Documents/GitHub/CMPT383_ComparativeProgramming/Assignment 2/OtherPrograms/src/main/scala/Main.scala
Jul. 07, 2023 4:53:22 P.M. scala.meta.internal.pc.CompilerAccess handleError
SEVERE: 0
java.lang.IndexOutOfBoundsException: 0
	at scala.collection.LinearSeqOps.apply(LinearSeq.scala:131)
	at scala.collection.LinearSeqOps.apply$(LinearSeq.scala:128)
	at scala.collection.immutable.List.apply(List.scala:79)
	at dotty.tools.dotc.util.Signatures$.countParams(Signatures.scala:501)
	at dotty.tools.dotc.util.Signatures$.applyCallInfo(Signatures.scala:186)
	at dotty.tools.dotc.util.Signatures$.computeSignatureHelp(Signatures.scala:94)
	at dotty.tools.dotc.util.Signatures$.signatureHelp(Signatures.scala:63)
	at scala.meta.internal.pc.MetalsSignatures$.signatures(MetalsSignatures.scala:21)
	at scala.meta.internal.pc.SignatureHelpProvider$.signatureHelp(SignatureHelpProvider.scala:51)

2023.07.07 16:53:30 WARN  no build target for: /Users/MichaelKuby/Documents/GitHub/CMPT383_ComparativeProgramming/Assignment 2/OtherPrograms/src/main/scala/Main.scala
2023.07.07 16:56:15 WARN  no build target for: /Users/MichaelKuby/Documents/GitHub/CMPT383_ComparativeProgramming/Assignment 2/OtherPrograms/src/main/scala/Main.scala
2023.07.07 16:57:28 WARN  no build target for: /Users/MichaelKuby/Documents/GitHub/CMPT383_ComparativeProgramming/Assignment 2/OtherPrograms/src/main/scala/Main.scala
2023.07.07 17:03:29 WARN  no build target for: /Users/MichaelKuby/Documents/GitHub/CMPT383_ComparativeProgramming/Assignment 2/OtherPrograms/src/main/scala/Main.scala
2023.07.07 17:03:37 WARN  no build target for: /Users/MichaelKuby/Documents/GitHub/CMPT383_ComparativeProgramming/Assignment 2/OtherPrograms/src/main/scala/Main.scala
Exception in thread "pool-3-thread-2" java.lang.InterruptedException
	at scala.meta.internal.metals.FutureCancelToken.checkCanceled(FutureCancelToken.scala:29)
	at scala.meta.internal.pc.CompilerAccess.onCompilerJobQueue$$anonfun$1(CompilerAccess.scala:195)
	at scala.meta.internal.pc.CompilerJobQueue$Job.run(CompilerJobQueue.scala:152)
	at java.base/java.util.concurrent.ThreadPoolExecutor.runWorker(ThreadPoolExecutor.java:1136)
	at java.base/java.util.concurrent.ThreadPoolExecutor$Worker.run(ThreadPoolExecutor.java:635)
	at java.base/java.lang.Thread.run(Thread.java:833)
2023.07.07 17:03:49 WARN  no build target for: /Users/MichaelKuby/Documents/GitHub/CMPT383_ComparativeProgramming/Assignment 2/OtherPrograms/src/main/scala/Main.scala
2023.07.07 17:04:44 WARN  no build target for: /Users/MichaelKuby/Documents/GitHub/CMPT383_ComparativeProgramming/Assignment 2/OtherPrograms/src/main/scala/Main.scala
2023.07.07 18:59:32 WARN  no build target for: /Users/MichaelKuby/Documents/GitHub/CMPT383_ComparativeProgramming/Assignment 2/ExerciseQuestions/src/main/scala/ExerciseQuestions.scala
2023.07.07 19:00:11 WARN  no build target for: /Users/MichaelKuby/Documents/GitHub/CMPT383_ComparativeProgramming/Assignment 2/ExerciseQuestions/src/main/scala/ExerciseQuestions.scala
2023.07.07 19:18:57 WARN  Using indexes to guess the definition of typeOf
2023.07.07 19:20:10 WARN  no build target for: /Users/MichaelKuby/Documents/GitHub/CMPT383_ComparativeProgramming/Assignment 2/OtherPrograms/src/main/scala/Main.scala
Jul. 07, 2023 7:22:08 P.M. org.eclipse.lsp4j.jsonrpc.RemoteEndpoint handleCancellation
WARNING: Unmatched cancel notification for request id 6539
2023.07.07 19:23:08 WARN  no build target for: /Users/MichaelKuby/Documents/GitHub/CMPT383_ComparativeProgramming/Assignment 2/OtherPrograms/src/main/scala/Main.scala
2023.07.07 19:23:48 WARN  no build target for: /Users/MichaelKuby/Documents/GitHub/CMPT383_ComparativeProgramming/Assignment 2/OtherPrograms/src/main/scala/Main.scala
Jul. 07, 2023 7:28:30 P.M. scala.meta.internal.pc.CompilerAccess handleError
SEVERE: 0
java.lang.IndexOutOfBoundsException: 0
	at scala.collection.LinearSeqOps.apply(LinearSeq.scala:131)
	at scala.collection.LinearSeqOps.apply$(LinearSeq.scala:128)
	at scala.collection.immutable.List.apply(List.scala:79)
	at dotty.tools.dotc.util.Signatures$.countParams(Signatures.scala:501)
	at dotty.tools.dotc.util.Signatures$.applyCallInfo(Signatures.scala:186)
	at dotty.tools.dotc.util.Signatures$.computeSignatureHelp(Signatures.scala:94)
	at dotty.tools.dotc.util.Signatures$.signatureHelp(Signatures.scala:63)
	at scala.meta.internal.pc.MetalsSignatures$.signatures(MetalsSignatures.scala:21)
	at scala.meta.internal.pc.SignatureHelpProvider$.signatureHelp(SignatureHelpProvider.scala:51)

Jul. 07, 2023 7:29:02 P.M. scala.meta.internal.pc.CompilerAccess handleError
SEVERE: 0
java.lang.IndexOutOfBoundsException: 0
	at scala.collection.LinearSeqOps.apply(LinearSeq.scala:131)
	at scala.collection.LinearSeqOps.apply$(LinearSeq.scala:128)
	at scala.collection.immutable.List.apply(List.scala:79)
	at dotty.tools.dotc.util.Signatures$.countParams(Signatures.scala:501)
	at dotty.tools.dotc.util.Signatures$.applyCallInfo(Signatures.scala:186)
	at dotty.tools.dotc.util.Signatures$.computeSignatureHelp(Signatures.scala:94)
	at dotty.tools.dotc.util.Signatures$.signatureHelp(Signatures.scala:63)
	at scala.meta.internal.pc.MetalsSignatures$.signatures(MetalsSignatures.scala:21)
	at scala.meta.internal.pc.SignatureHelpProvider$.signatureHelp(SignatureHelpProvider.scala:51)

Jul. 07, 2023 7:29:24 P.M. scala.meta.internal.pc.CompilerAccess handleError
SEVERE: 0
java.lang.IndexOutOfBoundsException: 0
	at scala.collection.LinearSeqOps.apply(LinearSeq.scala:131)
	at scala.collection.LinearSeqOps.apply$(LinearSeq.scala:128)
	at scala.collection.immutable.List.apply(List.scala:79)
	at dotty.tools.dotc.util.Signatures$.countParams(Signatures.scala:501)
	at dotty.tools.dotc.util.Signatures$.applyCallInfo(Signatures.scala:186)
	at dotty.tools.dotc.util.Signatures$.computeSignatureHelp(Signatures.scala:94)
	at dotty.tools.dotc.util.Signatures$.signatureHelp(Signatures.scala:63)
	at scala.meta.internal.pc.MetalsSignatures$.signatures(MetalsSignatures.scala:21)
	at scala.meta.internal.pc.SignatureHelpProvider$.signatureHelp(SignatureHelpProvider.scala:51)

Jul. 07, 2023 7:29:34 P.M. scala.meta.internal.pc.CompilerAccess handleError
SEVERE: 0
java.lang.IndexOutOfBoundsException: 0
	at scala.collection.LinearSeqOps.apply(LinearSeq.scala:131)
	at scala.collection.LinearSeqOps.apply$(LinearSeq.scala:128)
	at scala.collection.immutable.List.apply(List.scala:79)
	at dotty.tools.dotc.util.Signatures$.countParams(Signatures.scala:501)
	at dotty.tools.dotc.util.Signatures$.applyCallInfo(Signatures.scala:186)
	at dotty.tools.dotc.util.Signatures$.computeSignatureHelp(Signatures.scala:94)
	at dotty.tools.dotc.util.Signatures$.signatureHelp(Signatures.scala:63)
	at scala.meta.internal.pc.MetalsSignatures$.signatures(MetalsSignatures.scala:21)
	at scala.meta.internal.pc.SignatureHelpProvider$.signatureHelp(SignatureHelpProvider.scala:51)

2023.07.07 19:29:36 WARN  no build target for: /Users/MichaelKuby/Documents/GitHub/CMPT383_ComparativeProgramming/Assignment 2/OtherPrograms/src/main/scala/Main.scala
Exception in thread "pool-3-thread-3" java.lang.InterruptedException
	at scala.meta.internal.metals.FutureCancelToken.checkCanceled(FutureCancelToken.scala:29)
	at scala.meta.internal.pc.CompilerAccess.onCompilerJobQueue$$anonfun$1(CompilerAccess.scala:195)
	at scala.meta.internal.pc.CompilerJobQueue$Job.run(CompilerJobQueue.scala:152)
	at java.base/java.util.concurrent.ThreadPoolExecutor.runWorker(ThreadPoolExecutor.java:1136)
	at java.base/java.util.concurrent.ThreadPoolExecutor$Worker.run(ThreadPoolExecutor.java:635)
	at java.base/java.lang.Thread.run(Thread.java:833)
2023.07.07 19:32:12 WARN  Using indexes to guess the definition of Dragon
2023.07.07 19:32:15 WARN  Using indexes to guess the definition of Dragon
2023.07.07 19:32:19 WARN  Using indexes to guess the definition of displayInfo
2023.07.07 19:32:19 WARN  Using indexes to guess the definition of displayInfo
Jul. 07, 2023 7:32:23 P.M. scala.meta.internal.pc.CompilerAccess handleError
SEVERE: 0
java.lang.IndexOutOfBoundsException: 0
	at scala.collection.LinearSeqOps.apply(LinearSeq.scala:131)
	at scala.collection.LinearSeqOps.apply$(LinearSeq.scala:128)
	at scala.collection.immutable.List.apply(List.scala:79)
	at dotty.tools.dotc.util.Signatures$.countParams(Signatures.scala:501)
	at dotty.tools.dotc.util.Signatures$.applyCallInfo(Signatures.scala:186)
	at dotty.tools.dotc.util.Signatures$.computeSignatureHelp(Signatures.scala:94)
	at dotty.tools.dotc.util.Signatures$.signatureHelp(Signatures.scala:63)
	at scala.meta.internal.pc.MetalsSignatures$.signatures(MetalsSignatures.scala:21)
	at scala.meta.internal.pc.SignatureHelpProvider$.signatureHelp(SignatureHelpProvider.scala:51)

2023.07.07 19:32:27 WARN  no build target for: /Users/MichaelKuby/Documents/GitHub/CMPT383_ComparativeProgramming/Assignment 2/OtherPrograms/src/main/scala/Main.scala
Jul. 07, 2023 7:32:47 P.M. org.eclipse.lsp4j.jsonrpc.RemoteEndpoint handleCancellation
WARNING: Unmatched cancel notification for request id 7817
2023.07.07 19:32:47 WARN  Using indexes to guess the definition of Dragon
2023.07.07 19:32:47 WARN  Using indexes to guess the definition of Unicorn
2023.07.07 19:32:56 WARN  Using indexes to guess the definition of randomShapes
2023.07.07 19:33:31 WARN  no build target for: /Users/MichaelKuby/Documents/GitHub/CMPT383_ComparativeProgramming/Assignment 2/OtherPrograms/src/main/scala/Main.scala
2023.07.07 19:33:36 WARN  no build target for: /Users/MichaelKuby/Documents/GitHub/CMPT383_ComparativeProgramming/Assignment 2/OtherPrograms/src/main/scala/Main.scala
2023.07.07 19:34:01 WARN  no build target for: /Users/MichaelKuby/Documents/GitHub/CMPT383_ComparativeProgramming/Assignment 2/OtherPrograms/src/main/scala/Main.scala
2023.07.07 19:34:16 WARN  Using indexes to guess the definition of typeOf
2023.07.07 19:34:27 WARN  no build target for: /Users/MichaelKuby/Documents/GitHub/CMPT383_ComparativeProgramming/Assignment 2/OtherPrograms/src/main/scala/Main.scala
2023.07.07 19:35:03 WARN  no build target for: /Users/MichaelKuby/Documents/GitHub/CMPT383_ComparativeProgramming/Assignment 2/OtherPrograms/src/main/scala/Main.scala
2023.07.07 19:35:52 WARN  no build target for: /Users/MichaelKuby/Documents/GitHub/CMPT383_ComparativeProgramming/Assignment 2/OtherPrograms/src/main/scala/Main.scala
2023.07.07 19:36:22 WARN  no build target for: /Users/MichaelKuby/Documents/GitHub/CMPT383_ComparativeProgramming/Assignment 2/OtherPrograms/src/main/scala/Main.scala
2023.07.07 19:37:15 WARN  no build target for: /Users/MichaelKuby/Documents/GitHub/CMPT383_ComparativeProgramming/Assignment 2/OtherPrograms/src/main/scala/Main.scala
2023.07.07 19:38:41 WARN  no build target for: /Users/MichaelKuby/Documents/GitHub/CMPT383_ComparativeProgramming/Assignment 2/OtherPrograms/src/main/scala/Main.scala
2023.07.07 19:39:09 WARN  no build target for: /Users/MichaelKuby/Documents/GitHub/CMPT383_ComparativeProgramming/Assignment 2/OtherPrograms/src/main/scala/Main.scala
2023.07.07 19:40:10 WARN  no build target for: /Users/MichaelKuby/Documents/GitHub/CMPT383_ComparativeProgramming/Assignment 2/OtherPrograms/src/main/scala/Main.scala
2023.07.07 19:40:45 WARN  no build target for: /Users/MichaelKuby/Documents/GitHub/CMPT383_ComparativeProgramming/Assignment 2/OtherPrograms/src/main/scala/Main.scala
2023.07.07 19:42:42 WARN  no build target for: /Users/MichaelKuby/Documents/GitHub/CMPT383_ComparativeProgramming/Assignment 2/OtherPrograms/src/main/scala/Main.scala
2023.07.07 19:43:56 WARN  no build target for: /Users/MichaelKuby/Documents/GitHub/CMPT383_ComparativeProgramming/Assignment 2/OtherPrograms/src/main/scala/Main.scala
2023.07.07 19:44:48 WARN  no build target for: /Users/MichaelKuby/Documents/GitHub/CMPT383_ComparativeProgramming/Assignment 2/OtherPrograms/src/main/scala/Main.scala
2023.07.07 19:47:04 WARN  no build target for: /Users/MichaelKuby/Documents/GitHub/CMPT383_ComparativeProgramming/Assignment 2/OtherPrograms/src/main/scala/Main.scala
2023.07.07 19:47:20 WARN  no build target for: /Users/MichaelKuby/Documents/GitHub/CMPT383_ComparativeProgramming/Assignment 2/OtherPrograms/src/main/scala/Main.scala
2023.07.07 19:47:35 INFO  Shutting down server
2023.07.07 19:47:35 INFO  shutting down Metals
2023.07.07 19:47:35 INFO  Exiting server
2023.07.07 20:12:34 INFO  Started: Metals version 0.11.12 in workspace '/Users/MichaelKuby/Documents/GitHub/CMPT383_ComparativeProgramming' for client Visual Studio Code 1.80.0.
Jul. 07, 2023 8:12:34 P.M. org.flywaydb.core.internal.license.VersionPrinter printVersionOnly
INFO: Flyway Community Edition 9.16.3 by Redgate
Jul. 07, 2023 8:12:34 P.M. org.flywaydb.core.internal.license.VersionPrinter printVersion
INFO: See release notes here: https://rd.gt/416ObMi
Jul. 07, 2023 8:12:34 P.M. org.flywaydb.core.internal.license.VersionPrinter printVersion
INFO: 
Jul. 07, 2023 8:12:34 P.M. org.flywaydb.core.internal.database.base.BaseDatabaseType createDatabase
INFO: Database: jdbc:h2:file:/Users/MichaelKuby/Documents/GitHub/CMPT383_ComparativeProgramming/.metals/metals (H2 2.1)
Jul. 07, 2023 8:12:34 P.M. org.flywaydb.core.internal.command.DbValidate validate
INFO: Successfully validated 4 migrations (execution time 00:00.045s)
Jul. 07, 2023 8:12:34 P.M. org.flywaydb.core.internal.command.DbMigrate migrateGroup
INFO: Current version of schema "PUBLIC": 4
Jul. 07, 2023 8:12:34 P.M. org.flywaydb.core.internal.command.DbMigrate logSummary
INFO: Schema "PUBLIC" is up to date. No migration necessary.
2023.07.07 20:12:35 INFO  time: initialize in 0.82s
2023.07.07 20:12:37 WARN  Build server is not auto-connectable.
2023.07.07 20:12:37 WARN  no build tool detected in workspace '/Users/MichaelKuby/Documents/GitHub/CMPT383_ComparativeProgramming'. The most common cause for this problem is that the editor was opened in the wrong working directory, for example if you use sbt then the workspace directory should contain build.sbt. 
2023.07.07 20:12:37 WARN  no build target for: /Users/MichaelKuby/Documents/GitHub/CMPT383_ComparativeProgramming/Assignment 2/OtherPrograms/src/main/scala/Main.scala
2023.07.07 20:12:41 INFO  no build target found for /Users/MichaelKuby/Documents/GitHub/CMPT383_ComparativeProgramming/Assignment 2/OtherPrograms/src/main/scala/Main.scala. Using presentation compiler with project's scala-library version: 3.2.2
2023.07.07 20:12:44 INFO  time: code lens generation in 6.61s
2023.07.07 20:14:51 WARN  no build target for: /Users/MichaelKuby/Documents/GitHub/CMPT383_ComparativeProgramming/Assignment 2/OtherPrograms/src/main/scala/Main.scala
2023.07.07 20:17:41 WARN  no build target for: /Users/MichaelKuby/Documents/GitHub/CMPT383_ComparativeProgramming/Assignment 2/OtherPrograms/src/main/scala/Main.scala
2023.07.07 20:17:44 INFO  Shutting down server
2023.07.07 20:17:44 INFO  shutting down Metals
2023.07.07 20:17:44 INFO  Exiting server
